[2024-11-27 15:09:38] [INFO] Server initialized on port 2222
[2024-11-27 15:09:38] [INFO] Server is running. Waiting for connections...
[2024-11-27 15:29:29] [INFO] Client connected: FD 5
[2024-11-27 15:29:32] [INFO] Received message from FD 5: 1234

[2024-11-27 15:29:32] [INFO] Client authenticated: FD 5
[2024-11-27 15:30:30] [INFO] Received message from FD 5: NICK penny

[2024-11-27 15:30:40] [INFO] Received message from FD 5: USER pint

[2024-11-27 15:30:59] [INFO] Received message from FD 5: JOIN #channel

[2024-11-27 15:31:38] [INFO] Client connected: FD 6
[2024-11-27 15:31:41] [INFO] Received message from FD 6: 1234

[2024-11-27 15:31:41] [INFO] Client authenticated: FD 6
[2024-11-27 15:31:47] [INFO] Received message from FD 6: NICK jay

[2024-11-27 15:31:55] [INFO] Received message from FD 6: USER jes

[2024-11-27 15:32:16] [INFO] Received message from FD 6: JOIN #channel

[2024-11-27 15:33:07] [INFO] Received message from FD 5: PRIVMSG #channel :hello

[2024-11-27 18:01:52] [INFO] Server initialized on port 2222
[2024-11-27 18:01:52] [INFO] Server is running. Waiting for connections...
[2024-11-27 18:02:10] [INFO] Client connected: FD 5
[2024-11-27 18:02:13] [INFO] Received message from FD 5: 1234

[2024-11-27 18:02:13] [INFO] Client authenticated: FD 5
[2024-11-27 18:02:39] [INFO] Received message from FD 5: NICK pen

[2024-11-27 18:02:47] [INFO] Received message from FD 5: USER penny

[2024-11-27 18:03:57] [INFO] Client connected: FD 6
[2024-11-27 18:03:59] [INFO] Received message from FD 6: 1234

[2024-11-27 18:03:59] [INFO] Client authenticated: FD 6
[2024-11-27 18:04:06] [INFO] Received message from FD 6: NICK jay

[2024-11-27 18:04:14] [INFO] Received message from FD 6: USER jaya

[2024-11-27 18:04:46] [INFO] Received message from FD 5: JOIN #group

[2024-11-27 18:05:32] [INFO] Received message from FD 5: INVITE jay #group

[2024-11-27 18:05:48] [INFO] Received message from FD 6: hello

[2024-11-27 18:05:48] [INFO] Unhandled message from FD 6: hello

[2024-11-27 18:06:32] [INFO] Client connected: FD 7
[2024-11-27 18:06:35] [INFO] Received message from FD 7: 1234

[2024-11-27 18:06:35] [INFO] Client authenticated: FD 7
[2024-11-27 18:07:48] [INFO] Received message from FD 5: PRIVMSG #group :hey all

[2024-11-27 18:08:20] [INFO] Received message from FD 6: JOIN #group

[2024-11-27 18:08:50] [INFO] Received message from FD 5: PRIVMSG #group :hey all

[2024-11-27 18:09:10] [INFO] Received message from FD 6: hey

[2024-11-27 18:09:10] [INFO] Unhandled message from FD 6: hey

[2024-11-27 18:09:39] [INFO] Received message from FD 6: PRIVMSG pen :hey

[2024-11-27 18:09:56] [INFO] Received message from FD 6: PRVMSG #pen :hey

[2024-11-27 18:09:56] [INFO] Unhandled message from FD 6: PRVMSG #pen :hey

[2024-11-27 18:10:47] [INFO] Received message from FD 6: PRIVMSG #group :hey

[2024-11-27 18:11:05] [INFO] Received message from FD 7: NICK john

[2024-11-27 18:11:13] [INFO] Received message from FD 7: USER johnny

[2024-11-27 18:11:28] [INFO] Received message from FD 7: JOIN #group

[2024-11-27 18:12:29] [INFO] Received message from FD 5: PRIVMSG #group :hello new

[2024-11-27 18:12:59] [INFO] Received message from FD 5: KICK john

[2024-11-27 18:13:26] [INFO] Received message from FD 5: PRIVMSG #group :hey

[2024-11-27 18:14:31] [INFO] Received message from FD 6: KICK #group john

[2024-11-27 18:15:06] [INFO] Received message from FD 5: PRIVMSG #group :hello

[2024-11-28 14:27:10] [INFO] Server initialized on port 2222
[2024-11-28 14:27:10] [INFO] Server is running. Waiting for connections...
[2024-11-28 14:27:34] [INFO] Client connected: FD 5
[2024-11-28 14:27:42] [INFO] Received message from FD 5: 1234

[2024-11-28 14:27:42] [INFO] Client authenticated: FD 5
[2024-11-28 14:28:12] [INFO] Client disconnected: FD 5
[2024-11-29 14:38:42] [INFO] Server initialized on port 2222
[2024-11-29 14:38:42] [INFO] Server is running. Waiting for connections...
[2024-11-29 14:39:53] [INFO] Server initialized on port 2222
[2024-11-29 14:39:53] [INFO] Server is running. Waiting for connections...
[2024-11-29 14:49:00] [INFO] Server initialized on port 2222
[2024-11-29 14:49:00] [INFO] Server is running. Waiting for connections...
[2024-11-29 14:49:14] [INFO] Client connected: FD 5
[2024-11-29 14:49:17] [INFO] Received message from FD 5: 1234

[2024-11-29 14:49:17] [INFO] Client authenticated: FD 5
[2024-11-29 14:50:01] [INFO] Received message from FD 5: NICK john

[2024-11-29 14:50:10] [INFO] Received message from FD 5: USER jon

[2024-11-29 14:50:25] [INFO] Received message from FD 5: JOIN #channel

[2024-11-29 14:50:44] [INFO] Client connected: FD 6
[2024-11-29 14:50:46] [INFO] Received message from FD 6: 1234

[2024-11-29 14:50:46] [INFO] Client authenticated: FD 6
[2024-11-29 14:51:01] [INFO] Received message from FD 6: NICK penny

[2024-11-29 14:51:12] [INFO] Received message from FD 6: USER pen

[2024-11-29 15:01:43] [INFO] Server initialized on port 2222
[2024-11-29 15:01:43] [INFO] Server is running. Waiting for connections...
[2024-11-29 15:04:52] [INFO] Server initialized on port 3333
[2024-11-29 15:04:52] [INFO] Server is running. Waiting for connections...
[2024-11-29 15:05:03] [INFO] Client connected: FD 5
[2024-11-29 15:05:07] [INFO] Received message from FD 5: 1234

[2024-11-29 15:05:07] [INFO] Client authenticated: FD 5
[2024-11-29 15:05:15] [INFO] Received message from FD 5: NICK john
USER jon

[2024-11-29 15:05:15] [INFO] Received message from FD 5: JOIN #channel

[2024-11-29 15:05:59] [INFO] Client connected: FD 6
[2024-11-29 15:06:01] [INFO] Received message from FD 6: 1234

[2024-11-29 15:06:01] [INFO] Client authenticated: FD 6
[2024-11-29 15:06:14] [INFO] Received message from FD 6: NICIK penny

[2024-11-29 15:06:14] [INFO] Unhandled message from FD 6: NICIK penny

[2024-11-29 15:06:22] [INFO] Received message from FD 6: USER pen

[2024-11-29 15:06:45] [INFO] Received message from FD 6: JOIN #channel

[2024-11-29 15:07:09] [INFO] Client connected: FD 7
[2024-11-29 15:07:12] [INFO] Received message from FD 7: 1234

[2024-11-29 15:07:12] [INFO] Client authenticated: FD 7
[2024-11-29 15:07:20] [INFO] Received message from FD 7: NICK on

[2024-11-29 15:07:28] [INFO] Received message from FD 7: USER mick

[2024-11-29 15:07:40] [INFO] Received message from FD 7: JOIN #channel

[2024-11-29 15:08:44] [INFO] Received message from FD 6: NICK penny

[2024-11-29 15:09:12] [INFO] Received message from FD 5: PRIVMSG penny :hey

[2024-11-29 15:15:23] [INFO] Received message from FD 6: KICK #channel on

[2024-11-29 15:20:34] [INFO] Received message from FD 6: KICK #channel on

[2024-11-29 15:22:09] [INFO] Received message from FD 5: MSG on hey

[2024-11-29 15:22:09] [INFO] Unhandled message from FD 5: MSG on hey

[2024-11-29 15:58:27] [INFO] Client disconnected: FD 5
[2024-11-29 15:58:29] [INFO] Client disconnected: FD 6
[2024-11-29 15:58:31] [INFO] Client disconnected: FD 7
[2024-11-29 16:24:22] [INFO] Server initialized on port 2222
[2024-11-29 16:24:22] [INFO] Server is running. Waiting for connections...
[2024-11-29 16:24:45] [INFO] Server initialized on port 2222
[2024-11-29 16:24:45] [INFO] Server is running. Waiting for connections...
[2024-11-29 16:25:01] [INFO] Client connected: FD 5
[2024-11-29 16:25:04] [INFO] Received message from FD 5: 1234

[2024-11-29 16:25:04] [INFO] Client authenticated: FD 5
[2024-11-29 16:25:21] [INFO] Received message from FD 5: NICK penny

[2024-11-29 16:25:30] [INFO] Received message from FD 5: USER pen

[2024-11-29 16:25:39] [INFO] Received message from FD 5: JOIN #channel

[2024-11-29 16:26:04] [INFO] Received message from FD 5: JOIN #channel 1234

[2024-11-29 16:42:15] [INFO] Server initialized on port 2222
[2024-11-29 16:42:15] [INFO] Server is running. Waiting for connections...
[2024-11-29 16:43:06] [INFO] Server initialized on port 3333
[2024-11-29 16:43:06] [INFO] Server is running. Waiting for connections...
[2024-11-29 16:43:13] [INFO] Client connected: FD 5
[2024-11-29 16:43:16] [INFO] Received message from FD 5: 1234

[2024-11-29 16:43:16] [INFO] Client authenticated: FD 5
[2024-11-29 16:43:27] [INFO] Received message from FD 5: NICK penny

[2024-11-29 16:43:34] [INFO] Received message from FD 5: USER pen

[2024-11-29 16:43:44] [INFO] Received message from FD 5: JOIN #channel

[2024-11-29 16:44:28] [INFO] Server initialized on port 3333
[2024-11-29 16:44:28] [INFO] Server is running. Waiting for connections...
[2024-11-29 16:44:55] [INFO] Server initialized on port 4444
[2024-11-29 16:44:55] [INFO] Server is running. Waiting for connections...
[2024-11-29 16:45:05] [INFO] Client connected: FD 5
[2024-11-29 16:45:09] [INFO] Received message from FD 5: 1234

[2024-11-29 16:45:09] [INFO] Client authenticated: FD 5
[2024-11-29 16:45:18] [INFO] Received message from FD 5: NICK penny

[2024-11-29 16:45:25] [INFO] Received message from FD 5: USER pen

[2024-11-29 16:45:42] [INFO] Received message from FD 5: JOIN #channel 4321

[2024-11-29 16:48:10] [INFO] Client connected: FD 6
[2024-11-29 16:48:12] [INFO] Received message from FD 6: 1234

[2024-11-29 16:48:12] [INFO] Client authenticated: FD 6
[2024-11-29 16:48:23] [INFO] Received message from FD 6: NICK john

[2024-11-29 16:48:40] [INFO] Received message from FD 6: USER jon

[2024-11-29 16:48:54] [INFO] Received message from FD 6: JOIN #channel

[2024-11-29 16:49:09] [INFO] Received message from FD 6: JOIN #channel 4321

[2024-11-29 16:50:51] [INFO] Received message from FD 5: PRIVMSG john :hey

[2024-11-29 16:52:30] [INFO] Received message from FD 6: KICK #channel penny

[2024-11-29 17:13:09] [INFO] Server initialized on port 2222
[2024-11-29 17:13:09] [INFO] Server is running. Waiting for connections...
[2024-11-29 17:13:18] [INFO] Client connected: FD 5
[2024-11-29 17:13:21] [INFO] Received message from FD 5: 1234

[2024-11-29 17:13:21] [INFO] Client authenticated: FD 5
[2024-11-29 17:13:31] [INFO] Received message from FD 5: NICK penny

[2024-11-29 17:13:38] [INFO] Received message from FD 5: USER pen

[2024-11-29 17:13:56] [INFO] Received message from FD 5: JOIN #channel 1234

[2024-11-29 17:14:18] [INFO] Client connected: FD 6
[2024-11-29 17:14:21] [INFO] Received message from FD 6: 1234

[2024-11-29 17:14:21] [INFO] Client authenticated: FD 6
[2024-11-29 17:14:39] [INFO] Received message from FD 6: NICK john

[2024-11-29 17:14:44] [INFO] Received message from FD 6: USER jon

[2024-11-29 17:14:54] [INFO] Received message from FD 6: JOIN #channel 1234

[2024-11-29 17:15:24] [INFO] Received message from FD 6: KICK #channel penny

[2024-11-29 17:16:15] [INFO] Received message from FD 5: hey

[2024-11-29 17:16:15] [INFO] Unhandled message from FD 5: hey

[2024-11-29 17:17:37] [INFO] Received message from FD 5: PRIVMSG #channel :hey

[2024-11-29 17:18:06] [INFO] Received message from FD 6: PRIVMSG #channel :hey

[2024-11-29 17:19:12] [INFO] Received message from FD 5: JOIN #channel 1234

[2024-11-29 17:19:29] [INFO] Received message from FD 5: PRIVMSG #channel :hey

[2024-11-29 17:20:05] [INFO] Received message from FD 5: PRIVMSG join :hey

[2024-11-29 17:20:26] [INFO] Received message from FD 5: PRIVMSG john :hey

[2024-11-29 17:23:44] [INFO] Client disconnected: FD 6
[2024-11-29 17:24:21] [INFO] Client connected: FD 6
[2024-11-29 17:24:26] [INFO] Received message from FD 6: 1234

[2024-11-29 17:24:26] [INFO] Client authenticated: FD 6
[2024-11-29 17:24:33] [INFO] Received message from FD 6: NICK jay

[2024-11-29 17:24:38] [INFO] Received message from FD 6: USER ja

[2024-11-29 17:24:47] [INFO] Received message from FD 6: JOIN #channel

[2024-11-29 17:25:06] [INFO] Received message from FD 6: JOIN #channel 1234

[2024-11-29 18:07:35] [INFO] Client disconnected: FD 6
[2024-11-29 18:07:35] [INFO] Received message from FD 5: PRIVMSG #channel :hey

[2024-11-29 18:07:35] [INFO] Client disconnected: FD 5
[2024-11-29 18:07:46] [INFO] Server initialized on port 2222
[2024-11-29 18:07:46] [INFO] Server is running. Waiting for connections...
[2024-11-29 18:07:53] [INFO] Client connected: FD 5
[2024-11-29 18:07:56] [INFO] Received message from FD 5: 1234

[2024-11-29 18:07:56] [INFO] Client authenticated: FD 5
[2024-11-29 18:08:05] [INFO] Client connected: FD 6
[2024-11-29 18:08:06] [INFO] Received message from FD 6: 1234

[2024-11-29 18:08:06] [INFO] Client authenticated: FD 6
[2024-11-29 18:08:15] [INFO] Received message from FD 6: NICK penny

[2024-11-29 18:08:25] [INFO] Received message from FD 6: USER pen

[2024-11-29 18:08:34] [INFO] Received message from FD 6: JOIN #channel 1234

[2024-11-29 18:09:00] [INFO] Received message from FD 5: NICK john

[2024-11-29 18:09:06] [INFO] Received message from FD 5: USER jon

[2024-11-29 18:09:15] [INFO] Received message from FD 5: JOIN #channel 1234

[2024-11-29 18:09:28] [INFO] Received message from FD 5: PRIVMSG #channel :hey

[2024-11-29 18:17:51] [INFO] Received message from FD 5: PRIVMSG channel :hey

[2024-11-29 18:18:17] [INFO] Received message from FD 6: PRIVMSG #channel :hey

[2024-11-29 18:22:19] [INFO] Received message from FD 6: PRIVMSG #channel :hey

[2024-11-29 18:22:23] [INFO] Client disconnected: FD 6
[2024-11-29 18:22:26] [INFO] Client disconnected: FD 5
[2024-11-29 18:22:30] [INFO] Server initialized on port 2222
[2024-11-29 18:22:30] [INFO] Server is running. Waiting for connections...
[2024-11-29 18:22:48] [INFO] Client connected: FD 5
[2024-11-29 18:22:51] [INFO] Received message from FD 5: 1234

[2024-11-29 18:22:51] [INFO] Client authenticated: FD 5
[2024-11-29 18:22:55] [INFO] Received message from FD 5: NICK john 
USER jon

[2024-11-29 18:22:55] [INFO] Received message from FD 5: JOIN #channel 1234
Joined channel successfully
PRIVMSG #channel :hey

[2024-11-29 18:23:35] [INFO] Client connected: FD 6
[2024-11-29 18:23:37] [INFO] Received message from FD 6: 1234

[2024-11-29 18:23:37] [INFO] Client authenticated: FD 6
[2024-11-29 18:23:40] [INFO] Received message from FD 6: NICK penny
USER pen

[2024-11-29 18:23:43] [INFO] Received message from FD 6: JOIN #channel 1234

[2024-11-29 18:23:47] [INFO] Client disconnected: FD 5
[2024-11-29 18:23:51] [INFO] Client connected: FD 5
[2024-11-29 18:23:53] [INFO] Received message from FD 5: 1234

[2024-11-29 18:23:53] [INFO] Client authenticated: FD 5
[2024-11-29 18:24:02] [INFO] Received message from FD 5: NICK john 
USER jon

[2024-11-29 18:24:02] [INFO] Received message from FD 5: JOIN #channel 1234

[2024-11-29 18:24:41] [INFO] Received message from FD 5: PRIVMSG #channel :hey

[2024-11-29 18:26:08] [INFO] Received message from FD 5: PRIVMSG #channel :hey

[2024-11-29 18:27:43] [INFO] Received message from FD 5: PRIVMSG #channel :heyLO

[2024-11-29 18:27:43] [INFO] Received message from FD 6: PRIVMSG #channel :hello
PRIVMSG #channel :hey

[2024-11-29 18:29:31] [INFO] Client disconnected: FD 5
[2024-11-29 18:29:31] [ERROR] Receive error on client: FD 5
[2024-11-29 18:29:34] [INFO] Client disconnected: FD 6
